<?xml version="1.0" encoding="UTF-8"?>
<!-- Generated by org.testng.reporters.JUnitReportReporter -->
<testsuite hostname="DESKTOP-QNOHH6F" failures="0" tests="1" name="Parametrs" time="0.009" errors="0" timestamp="2023-03-12T07:26:59 EET" skipped="0">
  <testcase classname="Parametrs" name="SIGNUP" time="0.009"/>
  <system-out/>
</testsuite> <!-- Parametrs -->
