<?xml version="1.0" encoding="UTF-8"?>
<!-- Generated by org.testng.reporters.JUnitReportReporter -->
<testsuite hostname="DESKTOP-QNOHH6F" failures="0" tests="1" name="Products_list" time="1.401" errors="0" timestamp="2023-03-23T12:37:32 EET" skipped="0">
  <testcase classname="Products_list" name="number_Products" time="1.401"/>
  <system-out/>
</testsuite> <!-- Products_list -->
