<?xml version="1.0" encoding="UTF-8"?>
<!-- Generated by org.testng.reporters.JUnitReportReporter -->
<testsuite hostname="DESKTOP-QNOHH6F" failures="0" tests="2" name="SIGNUP" time="7.427" errors="0" timestamp="2023-03-07T06:11:56 EET" skipped="0">
  <testcase classname="SIGNUP" name="SIGNUP" time="0.015"/>
  <system-out/>
  <testcase classname="SIGNUP" name="SIGN_UP" time="7.412"/>
  <system-out/>
</testsuite> <!-- SIGNUP -->
