<?xml version="1.0" encoding="UTF-8"?>
<!-- Generated by org.testng.reporters.JUnitReportReporter -->
<testsuite hostname="DESKTOP-QNOHH6F" failures="0" tests="2" name="re_order" time="88.530" errors="0" timestamp="2023-03-17T15:25:15 EET" skipped="0">
  <testcase classname="re_order" name="reSIGN_UP" time="13.522"/>
  <system-out/>
  <testcase classname="re_order" name="my_Account" time="75.008"/>
  <system-out/>
</testsuite> <!-- re_order -->
