<?xml version="1.0" encoding="UTF-8"?>
<!-- Generated by org.testng.reporters.JUnitReportReporter -->
<testsuite hostname="DESKTOP-QNOHH6F" failures="0" tests="1" name="Google_Search" time="3.096" errors="0" timestamp="2023-03-07T04:42:59 EET" skipped="0">
  <testcase classname="Google_Search" name="SIGNUP" time="3.096"/>
  <system-out/>
</testsuite> <!-- Google_Search -->
