<?xml version="1.0" encoding="UTF-8"?>
<!-- Generated by org.testng.reporters.JUnitReportReporter -->
<testsuite hostname="DESKTOP-QNOHH6F" failures="0" tests="2" name="home_page_search_RANDOMLY" time="18.073" errors="0" timestamp="2023-03-07T07:21:00 EET" skipped="0">
  <testcase classname="home_page_search_RANDOMLY" name="search_RANDOMLY" time="18.061"/>
  <system-out/>
  <testcase classname="home_page_search_RANDOMLY" name="SIGNUP" time="0.012"/>
  <system-out/>
</testsuite> <!-- home_page_search_RANDOMLY -->
